2024-06-22 17:22:25 INFO  com.animeweb.DemoApplication - Starting DemoApplication using Java 17.0.9 with PID 2972 (D:\backend\back-end\build\classes\java\main started by Admin in D:\backend\back-end)
2024-06-22 17:22:25 INFO  com.animeweb.DemoApplication - No active profile set, falling back to 1 default profile: "default"
2024-06-22 17:22:25 INFO  o.s.b.d.restart.ChangeableUrls - The Class-Path manifest attribute in C:\Users\Admin\.gradle\caches\modules-2\files-2.1\org.glassfish.jaxb\jaxb-runtime\2.3.1\dd6dda9da676a54c5b36ca2806ff95ee017d8738\jaxb-runtime-2.3.1.jar referenced one or more files that do not exist: file:/C:/Users/Admin/.gradle/caches/modules-2/files-2.1/org.glassfish.jaxb/jaxb-runtime/2.3.1/dd6dda9da676a54c5b36ca2806ff95ee017d8738/jaxb-api-2.3.1.jar,file:/C:/Users/Admin/.gradle/caches/modules-2/files-2.1/org.glassfish.jaxb/jaxb-runtime/2.3.1/dd6dda9da676a54c5b36ca2806ff95ee017d8738/txw2-2.3.1.jar,file:/C:/Users/Admin/.gradle/caches/modules-2/files-2.1/org.glassfish.jaxb/jaxb-runtime/2.3.1/dd6dda9da676a54c5b36ca2806ff95ee017d8738/istack-commons-runtime-3.0.7.jar,file:/C:/Users/Admin/.gradle/caches/modules-2/files-2.1/org.glassfish.jaxb/jaxb-runtime/2.3.1/dd6dda9da676a54c5b36ca2806ff95ee017d8738/stax-ex-1.8.jar,file:/C:/Users/Admin/.gradle/caches/modules-2/files-2.1/org.glassfish.jaxb/jaxb-runtime/2.3.1/dd6dda9da676a54c5b36ca2806ff95ee017d8738/FastInfoset-1.2.15.jar,file:/C:/Users/Admin/.gradle/caches/modules-2/files-2.1/org.glassfish.jaxb/jaxb-runtime/2.3.1/dd6dda9da676a54c5b36ca2806ff95ee017d8738/javax.activation-api-1.2.0.jar
2024-06-22 17:22:25 INFO  o.s.b.d.e.DevToolsPropertyDefaultsPostProcessor - Devtools property defaults active! Set 'spring.devtools.add-properties' to 'false' to disable
2024-06-22 17:22:25 INFO  o.s.b.d.e.DevToolsPropertyDefaultsPostProcessor - For additional web related logging consider setting the 'logging.level.web' property to 'DEBUG'
2024-06-22 17:22:25 INFO  o.s.d.r.c.RepositoryConfigurationDelegate - Bootstrapping Spring Data JPA repositories in DEFAULT mode.
2024-06-22 17:22:25 INFO  o.s.d.r.c.RepositoryConfigurationDelegate - Finished Spring Data repository scanning in 148 ms. Found 13 JPA repository interfaces.
2024-06-22 17:22:26 INFO  o.s.b.w.e.tomcat.TomcatWebServer - Tomcat initialized with port 8080 (http)
2024-06-22 17:22:26 INFO  o.a.catalina.core.StandardService - Starting service [Tomcat]
2024-06-22 17:22:26 INFO  o.a.catalina.core.StandardEngine - Starting Servlet engine: [Apache Tomcat/10.1.19]
2024-06-22 17:22:26 INFO  o.a.c.c.C.[Tomcat].[localhost].[/] - Initializing Spring embedded WebApplicationContext
2024-06-22 17:22:26 INFO  o.s.b.w.s.c.ServletWebServerApplicationContext - Root WebApplicationContext: initialization completed in 1519 ms
2024-06-22 17:22:26 INFO  o.h.jpa.internal.util.LogHelper - HHH000204: Processing PersistenceUnitInfo [name: default]
2024-06-22 17:22:26 INFO  org.hibernate.Version - HHH000412: Hibernate ORM core version 6.4.4.Final
2024-06-22 17:22:26 INFO  o.h.c.i.RegionFactoryInitiator - HHH000026: Second-level cache disabled
2024-06-22 17:22:27 INFO  o.s.o.j.p.SpringPersistenceUnitInfo - No LoadTimeWeaver setup: ignoring JPA class transformer
2024-06-22 17:22:27 INFO  com.zaxxer.hikari.HikariDataSource - HikariPool-1 - Starting...
2024-06-22 17:22:28 INFO  com.zaxxer.hikari.pool.HikariPool - HikariPool-1 - Added connection com.mysql.cj.jdbc.ConnectionImpl@4df2a14c
2024-06-22 17:22:28 INFO  com.zaxxer.hikari.HikariDataSource - HikariPool-1 - Start completed.
2024-06-22 17:22:28 WARN  org.hibernate.orm.deprecation - HHH90000025: MySQL8Dialect does not need to be specified explicitly using 'hibernate.dialect' (remove the property setting and it will be selected by default)
2024-06-22 17:22:28 WARN  org.hibernate.orm.deprecation - HHH90000026: MySQL8Dialect has been deprecated; use org.hibernate.dialect.MySQLDialect instead
2024-06-22 17:22:29 INFO  o.h.e.t.j.p.i.JtaPlatformInitiator - HHH000489: No JTA platform available (set 'hibernate.transaction.jta.platform' to enable JTA platform integration)
2024-06-22 17:22:32 INFO  o.s.o.j.LocalContainerEntityManagerFactoryBean - Initialized JPA EntityManagerFactory for persistence unit 'default'
2024-06-22 17:22:33 INFO  o.s.d.j.r.query.QueryEnhancerFactory - Hibernate is in classpath; If applicable, HQL parser will be used.
2024-06-22 17:22:36 WARN  o.s.b.a.o.j.JpaBaseConfiguration$JpaWebConfiguration - spring.jpa.open-in-view is enabled by default. Therefore, database queries may be performed during view rendering. Explicitly configure spring.jpa.open-in-view to disable this warning
2024-06-22 17:22:36 INFO  o.s.s.web.DefaultSecurityFilterChain - Will secure any request with [org.springframework.security.web.session.DisableEncodeUrlFilter@3bdab180, org.springframework.security.web.context.request.async.WebAsyncManagerIntegrationFilter@84e9d09, org.springframework.security.web.context.SecurityContextHolderFilter@634c78d2, org.springframework.security.web.header.HeaderWriterFilter@88cae44, org.springframework.web.filter.CorsFilter@2e388cea, org.springframework.security.web.authentication.logout.LogoutFilter@1a9fd540, org.springframework.security.oauth2.client.web.OAuth2AuthorizationRequestRedirectFilter@407ccf0f, org.springframework.security.oauth2.client.web.OAuth2LoginAuthenticationFilter@ed510aa, org.springframework.security.web.savedrequest.RequestCacheAwareFilter@671f0acd, org.springframework.security.web.servletapi.SecurityContextHolderAwareRequestFilter@68de932d, org.springframework.security.web.authentication.AnonymousAuthenticationFilter@3b4c9a17, org.springframework.security.web.access.ExceptionTranslationFilter@448b7b61, org.springframework.security.web.access.intercept.AuthorizationFilter@55ab07bf]
2024-06-22 17:22:36 WARN  o.s.b.d.a.OptionalLiveReloadServer - Unable to start LiveReload server
2024-06-22 17:22:36 WARN  o.s.b.w.s.c.AnnotationConfigServletWebServerApplicationContext - Exception encountered during context initialization - cancelling refresh attempt: org.springframework.context.ApplicationContextException: Failed to start bean 'webServerStartStop'
2024-06-22 17:22:36 INFO  o.s.o.j.LocalContainerEntityManagerFactoryBean - Closing JPA EntityManagerFactory for persistence unit 'default'
2024-06-22 17:22:36 INFO  com.zaxxer.hikari.HikariDataSource - HikariPool-1 - Shutdown initiated...
2024-06-22 17:22:37 INFO  com.zaxxer.hikari.HikariDataSource - HikariPool-1 - Shutdown completed.
2024-06-22 17:22:37 INFO  o.s.b.a.l.ConditionEvaluationReportLogger - 

Error starting ApplicationContext. To display the condition evaluation report re-run your application with 'debug' enabled.
2024-06-22 17:22:37 ERROR o.s.b.d.LoggingFailureAnalysisReporter - 

***************************
APPLICATION FAILED TO START
***************************

Description:

Web server failed to start. Port 8080 was already in use.

Action:

Identify and stop the process that's listening on port 8080 or configure this application to listen on another port.

